<?xml version="1.0" encoding="utf-8"?><testsuites><testsuite name="pytest" errors="0" failures="0" skipped="0" tests="5" time="0.035" timestamp="2024-11-17T18:51:55.388639+07:00" hostname="Misanthrope"><testcase classname="tests" name="test_multiply" time="0.001" /><testcase classname="tests" name="test_divide" time="0.001" /><testcase classname="tests" name="test_distance" time="0.001" /><testcase classname="tests" name="test_quadratic_equation" time="0.001" /><testcase classname="tests" name="test_geometric_series_sum" time="0.001" /></testsuite></testsuites>